TN:
SF:src\modules\users\services\AuthenticateUserService.ts
FN:26,(anonymous_5)
FN:35,(anonymous_6)
FN:51,(anonymous_7)
FNF:3
FNH:0
FNDA:0,(anonymous_5)
FNDA:0,(anonymous_6)
FNDA:0,(anonymous_7)
DA:1,0
DA:3,0
DA:4,0
DA:5,0
DA:21,0
DA:31,0
DA:32,0
DA:39,0
DA:40,0
DA:43,0
DA:48,0
DA:56,0
DA:57,0
DA:59,0
DA:60,0
DA:62,0
DA:65,0
DA:66,0
DA:68,0
DA:69,0
DA:71,0
DA:74,0
DA:78,0
LF:23
LH:0
BRDA:39,0,0,0
BRDA:39,0,1,0
BRDA:56,1,0,0
BRDA:56,1,1,0
BRDA:59,2,0,0
BRDA:59,2,1,0
BRDA:65,3,0,0
BRDA:65,3,1,0
BRDA:68,4,0,0
BRDA:68,4,1,0
BRF:10
BRH:0
end_of_record
TN:
SF:src\modules\users\services\CreateUserService.ts
FN:22,(anonymous_5)
FN:33,(anonymous_6)
FNF:2
FNH:0
FNDA:0,(anonymous_5)
FNDA:0,(anonymous_6)
DA:1,0
DA:5,0
DA:17,0
DA:29,0
DA:30,0
DA:40,0
DA:41,0
DA:44,0
DA:45,0
DA:46,0
DA:50,0
DA:52,0
DA:60,0
DA:64,0
LF:14
LH:0
BRDA:40,0,0,0
BRDA:40,0,1,0
BRDA:44,1,0,0
BRDA:44,1,1,0
BRDA:45,2,0,0
BRDA:45,2,1,0
BRF:6
BRH:0
end_of_record
TN:
SF:src\modules\users\services\DeleteProfileService.ts
FN:9,(anonymous_4)
FN:16,(anonymous_5)
FNF:2
FNH:0
FNDA:0,(anonymous_4)
FNDA:0,(anonymous_5)
DA:1,0
DA:6,0
DA:13,0
DA:17,0
DA:18,0
DA:22,0
LF:6
LH:0
BRF:0
BRH:0
end_of_record
TN:
SF:src\modules\users\services\ShowProfileService.ts
FN:10,(anonymous_5)
FN:17,(anonymous_6)
FNF:2
FNH:0
FNDA:0,(anonymous_5)
FNDA:0,(anonymous_6)
DA:1,0
DA:2,0
DA:7,0
DA:14,0
DA:18,0
DA:20,0
DA:21,0
DA:23,0
DA:27,0
LF:9
LH:0
BRDA:20,0,0,0
BRDA:20,0,1,0
BRF:2
BRH:0
end_of_record
TN:
SF:src\modules\users\services\UpdateProfileService.ts
FN:24,(anonymous_5)
FN:35,(anonymous_6)
FNF:2
FNH:2
FNDA:6,(anonymous_5)
FNDA:6,(anonymous_6)
DA:1,1
DA:5,1
DA:19,1
DA:31,6
DA:32,6
DA:44,6
DA:46,6
DA:47,1
DA:50,5
DA:52,5
DA:53,1
DA:56,4
DA:57,2
DA:62,2
DA:63,1
DA:66,1
DA:69,3
DA:70,2
DA:74,2
DA:75,1
DA:79,2
DA:86,2
DA:87,2
DA:91,1
LF:24
LH:24
BRDA:46,0,0,1
BRDA:46,0,1,5
BRDA:52,1,0,1
BRDA:52,1,1,4
BRDA:52,2,0,5
BRDA:52,2,1,2
BRDA:56,3,0,2
BRDA:56,3,1,2
BRDA:56,4,0,4
BRDA:56,4,1,4
BRDA:62,5,0,1
BRDA:62,5,1,1
BRDA:69,6,0,2
BRDA:69,6,1,1
BRDA:74,7,0,1
BRDA:74,7,1,1
BRDA:74,8,0,2
BRDA:74,8,1,1
BRF:18
BRH:18
end_of_record
