TN:
SF:src\modules\users\services\AuthenticateUserService.ts
FN:26,(anonymous_5)
FN:35,(anonymous_6)
FN:51,(anonymous_7)
FNF:3
FNH:3
FNDA:6,(anonymous_5)
FNDA:3,(anonymous_6)
FNDA:6,(anonymous_7)
DA:1,1
DA:3,1
DA:4,1
DA:5,1
DA:21,1
DA:31,6
DA:32,6
DA:39,3
DA:40,1
DA:43,2
DA:48,2
DA:56,6
DA:57,3
DA:59,3
DA:60,2
DA:62,1
DA:65,3
DA:66,2
DA:68,2
DA:69,1
DA:71,1
DA:74,1
DA:78,1
LF:23
LH:23
BRDA:39,0,0,1
BRDA:39,0,1,2
BRDA:56,1,0,3
BRDA:56,1,1,3
BRDA:59,2,0,2
BRDA:59,2,1,1
BRDA:65,3,0,2
BRDA:65,3,1,1
BRDA:68,4,0,1
BRDA:68,4,1,1
BRF:10
BRH:10
end_of_record
TN:
SF:src\modules\users\services\CreateUserService.ts
FN:22,(anonymous_5)
FN:33,(anonymous_6)
FNF:2
FNH:2
FNDA:9,(anonymous_5)
FNDA:11,(anonymous_6)
DA:1,2
DA:5,2
DA:17,2
DA:29,9
DA:30,9
DA:40,11
DA:41,1
DA:44,10
DA:45,9
DA:46,1
DA:50,9
DA:52,9
DA:60,9
DA:64,2
LF:14
LH:14
BRDA:40,0,0,1
BRDA:40,0,1,10
BRDA:44,1,0,9
BRDA:44,1,1,1
BRDA:45,2,0,1
BRDA:45,2,1,8
BRF:6
BRH:6
end_of_record
TN:
SF:src\modules\users\services\DeleteProfileService.ts
FN:9,(anonymous_4)
FN:16,(anonymous_5)
FNF:2
FNH:2
FNDA:1,(anonymous_4)
FNDA:1,(anonymous_5)
DA:1,1
DA:6,1
DA:13,1
DA:17,1
DA:18,1
DA:22,1
LF:6
LH:6
BRF:0
BRH:0
end_of_record
TN:
SF:src\modules\users\services\ShowProfileService.ts
FN:10,(anonymous_5)
FN:17,(anonymous_6)
FNF:2
FNH:2
FNDA:2,(anonymous_5)
FNDA:2,(anonymous_6)
DA:1,1
DA:2,1
DA:7,1
DA:14,2
DA:18,2
DA:20,2
DA:21,1
DA:23,1
DA:27,1
LF:9
LH:9
BRDA:20,0,0,1
BRDA:20,0,1,1
BRF:2
BRH:2
end_of_record
TN:
SF:src\modules\users\services\UpdateProfileService.ts
FN:24,(anonymous_5)
FN:35,(anonymous_6)
FNF:2
FNH:2
FNDA:6,(anonymous_5)
FNDA:6,(anonymous_6)
DA:1,1
DA:5,1
DA:19,1
DA:31,6
DA:32,6
DA:44,6
DA:46,6
DA:47,1
DA:50,5
DA:52,5
DA:53,1
DA:56,4
DA:57,2
DA:62,2
DA:63,1
DA:66,1
DA:69,3
DA:70,2
DA:74,2
DA:75,1
DA:79,2
DA:86,2
DA:87,2
DA:91,1
LF:24
LH:24
BRDA:46,0,0,1
BRDA:46,0,1,5
BRDA:52,1,0,1
BRDA:52,1,1,4
BRDA:52,2,0,5
BRDA:52,2,1,2
BRDA:56,3,0,2
BRDA:56,3,1,2
BRDA:56,4,0,4
BRDA:56,4,1,4
BRDA:62,5,0,1
BRDA:62,5,1,1
BRDA:69,6,0,2
BRDA:69,6,1,1
BRDA:74,7,0,1
BRDA:74,7,1,1
BRDA:74,8,0,2
BRDA:74,8,1,1
BRF:18
BRH:18
end_of_record
